<?xml version="1.0" encoding="UTF-8"?>
<!-- Generated by org.testng.reporters.JUnitXMLReporter -->
<testsuite hostname="VMWAREV-S515I58" ignored="2" tests="0" failures="0" timestamp="12 Jun 2019 06:13:58 GMT" time="1.776" errors="0">
  <testcase name="successfulLoginTest" time="0.0" classname="com.vmware.peoplesearch.test.TestCases">
    <ignored/>
  </testcase> <!-- successfulLoginTest -->
  <testcase name="searchProduct" time="0.0" classname="com.vmware.peoplesearch.test.TestCases">
    <ignored/>
  </testcase> <!-- searchProduct -->
</testsuite>
